    Finished `bench` profile [optimized] target(s) in 0.08s
     Running benches/decompose.rs (target/release/deps/decompose-034606861b444442)
[mmreport] ladder at 1000 rows…
[[PHASE start t3_build 1783671200853]]
[[PHASE end t3_build 1783671201472]]
[[PHASE start t3_insert_unidb 1783671201473]]
[[PHASE end t3_insert_unidb 1783671270019]]
[[PHASE start t3_insert_pg 1783671270019]]
[[PHASE end t3_insert_pg 1783671340682]]
[[PHASE start t3_selfilt_unidb 1783671340682]]
[[PHASE end t3_selfilt_unidb 1783671340750]]
[[PHASE start t3_selfilt_pg 1783671340750]]
[[PHASE end t3_selfilt_pg 1783671340764]]
[[PHASE start t3_selgrp_unidb 1783671340764]]
[[PHASE end t3_selgrp_unidb 1783671340772]]
[[PHASE start t3_selgrp_pg 1783671340772]]
[[PHASE end t3_selgrp_pg 1783671340783]]
[[PHASE start t3_update_unidb 1783671340783]]
[[PHASE end t3_update_unidb 1783671340884]]
[[PHASE start t3_update_pg 1783671340884]]
[[PHASE end t3_update_pg 1783671340917]]
[[PHASE start t3_delsel_unidb 1783671340917]]
[[PHASE end t3_delsel_unidb 1783671340988]]
[[PHASE start t3_delsel_pg 1783671340988]]
[[PHASE end t3_delsel_pg 1783671341008]]
[[PHASE start t3_delall_unidb 1783671341008]]
[[PHASE end t3_delall_unidb 1783671341075]]
[[PHASE start t3_delall_pg 1783671341075]]
[[PHASE end t3_delall_pg 1783671341097]]
[mmreport] Table 3.1 bulk at 10000 rows…
[[PHASE start t31_insert_unidb_10000 1783671341151]]
[[PHASE end t31_insert_unidb_10000 1783671341416]]
[[PHASE start t31_insert_pg_10000 1783671341416]]
[[PHASE end t31_insert_pg_10000 1783671341787]]
[[PHASE start t31_select_unidb_10000 1783671341787]]
[[PHASE end t31_select_unidb_10000 1783671341789]]
[[PHASE start t31_select_pg_10000 1783671341789]]
[[PHASE end t31_select_pg_10000 1783671341792]]
[mmreport] Table 4 at 1000 txns…
[[PHASE start t4_unidb_1000 1783671341792]]
[[PHASE end t4_unidb_1000 1783671345624]]
[[PHASE start t4_pg_1000 1783671345624]]
[[PHASE end t4_pg_1000 1783671349342]]
[mmreport] Table 4 at 10000 txns…
[[PHASE start t4_unidb_10000 1783671349343]]
