    Finished `bench` profile [optimized] target(s) in 0.23s
     Running benches/decompose.rs (target/release/deps/decompose-034606861b444442)
[mmreport] ladder at 1000 rows…
[[PHASE start t3_build 1783669453188]]
[[PHASE end t3_build 1783669453828]]
[[PHASE start t3_insert_unidb 1783669453828]]
[[PHASE end t3_insert_unidb 1783669520015]]
[[PHASE start t3_insert_pg 1783669520015]]
[[PHASE end t3_insert_pg 1783669584699]]
[[PHASE start t3_selfilt_unidb 1783669584699]]
[[PHASE end t3_selfilt_unidb 1783669584785]]
[[PHASE start t3_selfilt_pg 1783669584785]]
[[PHASE end t3_selfilt_pg 1783669584801]]
[[PHASE start t3_selgrp_unidb 1783669584801]]
[[PHASE end t3_selgrp_unidb 1783669584810]]
[[PHASE start t3_selgrp_pg 1783669584810]]
[[PHASE end t3_selgrp_pg 1783669584821]]
[[PHASE start t3_update_unidb 1783669584821]]
[[PHASE end t3_update_unidb 1783669585108]]
[[PHASE start t3_update_pg 1783669585108]]
[[PHASE end t3_update_pg 1783669585145]]
[[PHASE start t3_delsel_unidb 1783669585145]]
[[PHASE end t3_delsel_unidb 1783669585212]]
[[PHASE start t3_delsel_pg 1783669585212]]
[[PHASE end t3_delsel_pg 1783669585232]]
[[PHASE start t3_delall_unidb 1783669585232]]
[[PHASE end t3_delall_unidb 1783669585299]]
[[PHASE start t3_delall_pg 1783669585299]]
[[PHASE end t3_delall_pg 1783669585315]]
[mmreport] Table 3.1 bulk at 10000 rows…
[[PHASE start t31_insert_unidb_10000 1783669585362]]
[[PHASE end t31_insert_unidb_10000 1783669585639]]
[[PHASE start t31_insert_pg_10000 1783669585639]]
[[PHASE end t31_insert_pg_10000 1783669586004]]
[[PHASE start t31_select_unidb_10000 1783669586004]]
[[PHASE end t31_select_unidb_10000 1783669586006]]
[[PHASE start t31_select_pg_10000 1783669586006]]
[[PHASE end t31_select_pg_10000 1783669586009]]
[mmreport] Table 4 at 1000 txns…
[[PHASE start t4_unidb_1000 1783669586009]]
[[PHASE end t4_unidb_1000 1783669589834]]
[[PHASE start t4_pg_1000 1783669589834]]
[[PHASE end t4_pg_1000 1783669593043]]
[mmreport] Table 4 at 10000 txns…
[[PHASE start t4_unidb_10000 1783669593043]]
